This is pdfTeX, Version 3.14159265-2.6-1.40.21 (TeX Live 2020) (preloaded format=pdflatex 2021.2.12)  12 FEB 2021 18:33
entering extended mode
 restricted \write18 enabled.
 %&-line parsing enabled.
**intro_geostats.tex
(./intro_geostats.tex
LaTeX2e <2020-10-01> patch level 4
L3 programming layer <2021-02-06> (/Users/maximiliano/Library/TinyTeX/texmf-dis
t/tex/latex/base/article.cls
Document Class: article 2020/04/10 v1.4m Standard LaTeX document class
(/Users/maximiliano/Library/TinyTeX/texmf-dist/tex/latex/base/size10.clo
File: size10.clo 2020/04/10 v1.4m Standard LaTeX file (size option)
)
\c@part=\count177
\c@section=\count178
\c@subsection=\count179
\c@subsubsection=\count180
\c@paragraph=\count181
\c@subparagraph=\count182
\c@figure=\count183
\c@table=\count184
\abovecaptionskip=\skip47
\belowcaptionskip=\skip48
\bibindent=\dimen138
) (/Users/maximiliano/Library/TinyTeX/texmf-dist/tex/latex/lm/lmodern.sty
Package: lmodern 2009/10/30 v1.6 Latin Modern Fonts
LaTeX Font Info:    Overwriting symbol font `operators' in version `normal'
(Font)                  OT1/cmr/m/n --> OT1/lmr/m/n on input line 22.
LaTeX Font Info:    Overwriting symbol font `letters' in version `normal'
(Font)                  OML/cmm/m/it --> OML/lmm/m/it on input line 23.
LaTeX Font Info:    Overwriting symbol font `symbols' in version `normal'
(Font)                  OMS/cmsy/m/n --> OMS/lmsy/m/n on input line 24.
LaTeX Font Info:    Overwriting symbol font `largesymbols' in version `normal'
(Font)                  OMX/cmex/m/n --> OMX/lmex/m/n on input line 25.
LaTeX Font Info:    Overwriting symbol font `operators' in version `bold'
(Font)                  OT1/cmr/bx/n --> OT1/lmr/bx/n on input line 26.
LaTeX Font Info:    Overwriting symbol font `letters' in version `bold'
(Font)                  OML/cmm/b/it --> OML/lmm/b/it on input line 27.
LaTeX Font Info:    Overwriting symbol font `symbols' in version `bold'
(Font)                  OMS/cmsy/b/n --> OMS/lmsy/b/n on input line 28.
LaTeX Font Info:    Overwriting symbol font `largesymbols' in version `bold'
(Font)                  OMX/cmex/m/n --> OMX/lmex/m/n on input line 29.
LaTeX Font Info:    Overwriting math alphabet `\mathbf' in version `normal'
(Font)                  OT1/cmr/bx/n --> OT1/lmr/bx/n on input line 31.
LaTeX Font Info:    Overwriting math alphabet `\mathsf' in version `normal'
(Font)                  OT1/cmss/m/n --> OT1/lmss/m/n on input line 32.
LaTeX Font Info:    Overwriting math alphabet `\mathit' in version `normal'
(Font)                  OT1/cmr/m/it --> OT1/lmr/m/it on input line 33.
LaTeX Font Info:    Overwriting math alphabet `\mathtt' in version `normal'
(Font)                  OT1/cmtt/m/n --> OT1/lmtt/m/n on input line 34.
LaTeX Font Info:    Overwriting math alphabet `\mathbf' in version `bold'
(Font)                  OT1/cmr/bx/n --> OT1/lmr/bx/n on input line 35.
LaTeX Font Info:    Overwriting math alphabet `\mathsf' in version `bold'
(Font)                  OT1/cmss/bx/n --> OT1/lmss/bx/n on input line 36.
LaTeX Font Info:    Overwriting math alphabet `\mathit' in version `bold'
(Font)                  OT1/cmr/bx/it --> OT1/lmr/bx/it on input line 37.
LaTeX Font Info:    Overwriting math alphabet `\mathtt' in version `bold'
(Font)                  OT1/cmtt/m/n --> OT1/lmtt/m/n on input line 38.
) (/Users/maximiliano/Library/TinyTeX/texmf-dist/tex/latex/amsfonts/amssymb.sty
Package: amssymb 2013/01/14 v3.01 AMS font symbols
(/Users/maximiliano/Library/TinyTeX/texmf-dist/tex/latex/amsfonts/amsfonts.sty
Package: amsfonts 2013/01/14 v3.01 Basic AMSFonts support
\@emptytoks=\toks15
\symAMSa=\mathgroup4
\symAMSb=\mathgroup5
LaTeX Font Info:    Redeclaring math symbol \hbar on input line 98.
LaTeX Font Info:    Overwriting math alphabet `\mathfrak' in version `bold'
(Font)                  U/euf/m/n --> U/euf/b/n on input line 106.
)) (/Users/maximiliano/Library/TinyTeX/texmf-dist/tex/latex/amsmath/amsmath.sty
Package: amsmath 2020/09/23 v2.17i AMS math features
\@mathmargin=\skip49
For additional information on amsmath, use the `?' option.
(/Users/maximiliano/Library/TinyTeX/texmf-dist/tex/latex/amsmath/amstext.sty
Package: amstext 2000/06/29 v2.01 AMS text
(/Users/maximiliano/Library/TinyTeX/texmf-dist/tex/latex/amsmath/amsgen.sty
File: amsgen.sty 1999/11/30 v2.0 generic functions
\@emptytoks=\toks16
\ex@=\dimen139
)) (/Users/maximiliano/Library/TinyTeX/texmf-dist/tex/latex/amsmath/amsbsy.sty
Package: amsbsy 1999/11/29 v1.2d Bold Symbols
\pmbraise@=\dimen140
) (/Users/maximiliano/Library/TinyTeX/texmf-dist/tex/latex/amsmath/amsopn.sty
Package: amsopn 2016/03/08 v2.02 operator names
)
\inf@bad=\count185
LaTeX Info: Redefining \frac on input line 234.
\uproot@=\count186
\leftroot@=\count187
LaTeX Info: Redefining \overline on input line 399.
\classnum@=\count188
\DOTSCASE@=\count189
LaTeX Info: Redefining \ldots on input line 496.
LaTeX Info: Redefining \dots on input line 499.
LaTeX Info: Redefining \cdots on input line 620.
\Mathstrutbox@=\box47
\strutbox@=\box48
\big@size=\dimen141
LaTeX Font Info:    Redeclaring font encoding OML on input line 743.
LaTeX Font Info:    Redeclaring font encoding OMS on input line 744.
\macc@depth=\count190
\c@MaxMatrixCols=\count191
\dotsspace@=\muskip16
\c@parentequation=\count192
\dspbrk@lvl=\count193
\tag@help=\toks17
\row@=\count194
\column@=\count195
\maxfields@=\count196
\andhelp@=\toks18
\eqnshift@=\dimen142
\alignsep@=\dimen143
\tagshift@=\dimen144
\tagwidth@=\dimen145
\totwidth@=\dimen146
\lineht@=\dimen147
\@envbody=\toks19
\multlinegap=\skip50
\multlinetaggap=\skip51
\mathdisplay@stack=\toks20
LaTeX Info: Redefining \[ on input line 2923.
LaTeX Info: Redefining \] on input line 2924.
) (/Users/maximiliano/Library/TinyTeX/texmf-dist/tex/generic/iftex/ifxetex.sty
Package: ifxetex 2019/10/25 v0.7 ifxetex legacy package. Use iftex instead.
(/Users/maximiliano/Library/TinyTeX/texmf-dist/tex/generic/iftex/iftex.sty
Package: iftex 2020/03/06 v1.0d TeX engine tests
)) (/Users/maximiliano/Library/TinyTeX/texmf-dist/tex/generic/iftex/ifluatex.st
y
Package: ifluatex 2019/10/25 v1.5 ifluatex legacy package. Use iftex instead.
) (/Users/maximiliano/Library/TinyTeX/texmf-dist/tex/latex/base/fixltx2e.sty
Package: fixltx2e 2016/12/29 v2.1a fixes to LaTeX (obsolete)
Applying: [2015/01/01] Old fixltx2e package on input line 46.

Package fixltx2e Warning: fixltx2e is not required with releases after 2015
(fixltx2e)                All fixes are now in the LaTeX kernel.
(fixltx2e)                See the latexrelease package for details.

Already applied: [0000/00/00] Old fixltx2e package on input line 53.
) (/Users/maximiliano/Library/TinyTeX/texmf-dist/tex/latex/base/fontenc.sty
Package: fontenc 2020/08/10 v2.0s Standard LaTeX package
LaTeX Font Info:    Trying to load font information for T1+lmr on input line 11
2.
(/Users/maximiliano/Library/TinyTeX/texmf-dist/tex/latex/lm/t1lmr.fd
File: t1lmr.fd 2009/10/30 v1.6 Font defs for Latin Modern
)) (/Users/maximiliano/Library/TinyTeX/texmf-dist/tex/latex/base/inputenc.sty
Package: inputenc 2020/08/01 v1.3d Input encoding file
\inpenc@prehook=\toks21
\inpenc@posthook=\toks22
) (/Users/maximiliano/Library/TinyTeX/texmf-dist/tex/latex/base/textcomp.sty
Package: textcomp 2020/02/02 v2.0n Standard LaTeX package
) (/Users/maximiliano/Library/TinyTeX/texmf-dist/tex/latex/upquote/upquote.sty
Package: upquote 2012/04/19 v1.3 upright-quote and grave-accent glyphs in verba
tim
) (/Users/maximiliano/Library/TinyTeX/texmf-dist/tex/latex/hyperref/hyperref.st
y
Package: hyperref 2021-02-10 v7.00j Hypertext links for LaTeX
(/Users/maximiliano/Library/TinyTeX/texmf-dist/tex/generic/ltxcmds/ltxcmds.sty
Package: ltxcmds 2020-05-10 v1.25 LaTeX kernel commands for general use (HO)
)
(/Users/maximiliano/Library/TinyTeX/texmf-dist/tex/generic/pdftexcmds/pdftexcmd
s.sty
Package: pdftexcmds 2020-06-27 v0.33 Utility functions of pdfTeX for LuaTeX (HO
)

(/Users/maximiliano/Library/TinyTeX/texmf-dist/tex/generic/infwarerr/infwarerr.
sty
Package: infwarerr 2019/12/03 v1.5 Providing info/warning/error messages (HO)
)
Package pdftexcmds Info: \pdf@primitive is available.
Package pdftexcmds Info: \pdf@ifprimitive is available.
Package pdftexcmds Info: \pdfdraftmode found.
) (/Users/maximiliano/Library/TinyTeX/texmf-dist/tex/latex/graphics/keyval.sty
Package: keyval 2014/10/28 v1.15 key=value parser (DPC)
\KV@toks@=\toks23
)
(/Users/maximiliano/Library/TinyTeX/texmf-dist/tex/generic/kvsetkeys/kvsetkeys.
sty
Package: kvsetkeys 2019/12/15 v1.18 Key value parser (HO)
)
(/Users/maximiliano/Library/TinyTeX/texmf-dist/tex/generic/kvdefinekeys/kvdefin
ekeys.sty
Package: kvdefinekeys 2019-12-19 v1.6 Define keys (HO)
)
(/Users/maximiliano/Library/TinyTeX/texmf-dist/tex/generic/pdfescape/pdfescape.
sty
Package: pdfescape 2019/12/09 v1.15 Implements pdfTeX's escape features (HO)
) (/Users/maximiliano/Library/TinyTeX/texmf-dist/tex/latex/hycolor/hycolor.sty
Package: hycolor 2020-01-27 v1.10 Color options for hyperref/bookmark (HO)
)
(/Users/maximiliano/Library/TinyTeX/texmf-dist/tex/latex/letltxmacro/letltxmacr
o.sty
Package: letltxmacro 2019/12/03 v1.6 Let assignment for LaTeX macros (HO)
) (/Users/maximiliano/Library/TinyTeX/texmf-dist/tex/latex/auxhook/auxhook.sty
Package: auxhook 2019-12-17 v1.6 Hooks for auxiliary files (HO)
)
(/Users/maximiliano/Library/TinyTeX/texmf-dist/tex/latex/kvoptions/kvoptions.st
y
Package: kvoptions 2020-10-07 v3.14 Key value format for package options (HO)
)
\@linkdim=\dimen148
\Hy@linkcounter=\count197
\Hy@pagecounter=\count198
(/Users/maximiliano/Library/TinyTeX/texmf-dist/tex/latex/hyperref/pd1enc.def
File: pd1enc.def 2021-02-10 v7.00j Hyperref: PDFDocEncoding definition (HO)
Now handling font encoding PD1 ...
... no UTF-8 mapping file for font encoding PD1
)
(/Users/maximiliano/Library/TinyTeX/texmf-dist/tex/latex/hyperref/hyperref-lang
patches.def
File: hyperref-langpatches.def 2021-02-10 v7.00j Hyperref: patches for babel la
nguages
) (/Users/maximiliano/Library/TinyTeX/texmf-dist/tex/generic/intcalc/intcalc.st
y
Package: intcalc 2019/12/15 v1.3 Expandable calculations with integers (HO)
)
(/Users/maximiliano/Library/TinyTeX/texmf-dist/tex/generic/etexcmds/etexcmds.st
y
Package: etexcmds 2019/12/15 v1.7 Avoid name clashes with e-TeX commands (HO)
)
\Hy@SavedSpaceFactor=\count199
(/Users/maximiliano/Library/TinyTeX/texmf-dist/tex/latex/hyperref/puenc.def
File: puenc.def 2021-02-10 v7.00j Hyperref: PDF Unicode definition (HO)
Now handling font encoding PU ...
... no UTF-8 mapping file for font encoding PU
)
Package hyperref Info: Option `unicode' set `true' on input line 4073.
Package hyperref Info: Hyper figures OFF on input line 4192.
Package hyperref Info: Link nesting OFF on input line 4197.
Package hyperref Info: Hyper index ON on input line 4200.
Package hyperref Info: Plain pages OFF on input line 4207.
Package hyperref Info: Backreferencing OFF on input line 4212.
Package hyperref Info: Implicit mode ON; LaTeX internals redefined.
Package hyperref Info: Bookmarks ON on input line 4445.
\c@Hy@tempcnt=\count266
(/Users/maximiliano/Library/TinyTeX/texmf-dist/tex/latex/url/url.sty
\Urlmuskip=\muskip17
Package: url 2013/09/16  ver 3.4  Verb mode for urls, etc.
)
LaTeX Info: Redefining \url on input line 4804.
\XeTeXLinkMargin=\dimen149
(/Users/maximiliano/Library/TinyTeX/texmf-dist/tex/generic/bitset/bitset.sty
Package: bitset 2019/12/09 v1.3 Handle bit-vector datatype (HO)

(/Users/maximiliano/Library/TinyTeX/texmf-dist/tex/generic/bigintcalc/bigintcal
c.sty
Package: bigintcalc 2019/12/15 v1.5 Expandable calculations on big integers (HO
)
))
\Fld@menulength=\count267
\Field@Width=\dimen150
\Fld@charsize=\dimen151
Package hyperref Info: Hyper figures OFF on input line 6075.
Package hyperref Info: Link nesting OFF on input line 6080.
Package hyperref Info: Hyper index ON on input line 6083.
Package hyperref Info: backreferencing OFF on input line 6090.
Package hyperref Info: Link coloring OFF on input line 6095.
Package hyperref Info: Link coloring with OCG OFF on input line 6100.
Package hyperref Info: PDF/A mode OFF on input line 6105.
LaTeX Info: Redefining \ref on input line 6145.
LaTeX Info: Redefining \pageref on input line 6149.
(/Users/maximiliano/Library/TinyTeX/texmf-dist/tex/latex/base/atbegshi-ltx.sty
Package: atbegshi-ltx 2020/08/17 v1.0a Emulation of the original atbegshi packa
ge
with kernel methods
)
\Hy@abspage=\count268
\c@Item=\count269
\c@Hfootnote=\count270
)
Package hyperref Info: Driver (autodetected): hpdftex.
(/Users/maximiliano/Library/TinyTeX/texmf-dist/tex/latex/hyperref/hpdftex.def
File: hpdftex.def 2021-02-10 v7.00j Hyperref driver for pdfTeX

(/Users/maximiliano/Library/TinyTeX/texmf-dist/tex/latex/base/atveryend-ltx.sty
Package: atveryend-ltx 2020/08/19 v1.0a Emulation of the original atvery packag
e
with kernel methods
)
\Fld@listcount=\count271
\c@bookmark@seq@number=\count272

(/Users/maximiliano/Library/TinyTeX/texmf-dist/tex/latex/rerunfilecheck/rerunfi
lecheck.sty
Package: rerunfilecheck 2019/12/05 v1.9 Rerun checks for auxiliary files (HO)

(/Users/maximiliano/Library/TinyTeX/texmf-dist/tex/generic/uniquecounter/unique
counter.sty
Package: uniquecounter 2019/12/15 v1.4 Provide unlimited unique counter (HO)
)
Package uniquecounter Info: New unique counter `rerunfilecheck' on input line 2
86.
)
\Hy@SectionHShift=\skip52
)
Package hyperref Info: Option `breaklinks' set `true' on input line 35.
(/Users/maximiliano/Library/TinyTeX/texmf-dist/tex/latex/geometry/geometry.sty
Package: geometry 2020/01/02 v5.9 Page Geometry
(/Users/maximiliano/Library/TinyTeX/texmf-dist/tex/generic/iftex/ifvtex.sty
Package: ifvtex 2019/10/25 v1.7 ifvtex legacy package. Use iftex instead.
)
\Gm@cnth=\count273
\Gm@cntv=\count274
\c@Gm@tempcnt=\count275
\Gm@bindingoffset=\dimen152
\Gm@wd@mp=\dimen153
\Gm@odd@mp=\dimen154
\Gm@even@mp=\dimen155
\Gm@layoutwidth=\dimen156
\Gm@layoutheight=\dimen157
\Gm@layouthoffset=\dimen158
\Gm@layoutvoffset=\dimen159
\Gm@dimlist=\toks24
) (/Users/maximiliano/Library/TinyTeX/texmf-dist/tex/latex/graphics/color.sty
Package: color 2020/02/24 v1.2b Standard LaTeX Color (DPC)

(/Users/maximiliano/Library/TinyTeX/texmf-dist/tex/latex/graphics-cfg/color.cfg
File: color.cfg 2016/01/02 v1.6 sample color configuration
)
Package color Info: Driver file: pdftex.def on input line 147.

(/Users/maximiliano/Library/TinyTeX/texmf-dist/tex/latex/graphics-def/pdftex.de
f
File: pdftex.def 2020/10/05 v1.2a Graphics/color driver for pdftex
)) (/Users/maximiliano/Library/TinyTeX/texmf-dist/tex/latex/fancyvrb/fancyvrb.s
ty
Package: fancyvrb 2021/01/20 v3.7 verbatim text (tvz,hv)
\FV@CodeLineNo=\count276
\FV@InFile=\read2
\FV@TabBox=\box49
\c@FancyVerbLine=\count277
\FV@StepNumber=\count278
\FV@OutFile=\write3
) (/Users/maximiliano/Library/TinyTeX/texmf-dist/tex/latex/framed/framed.sty
Package: framed 2011/10/22 v 0.96: framed or shaded text with page breaks
\OuterFrameSep=\skip53
\fb@frw=\dimen160
\fb@frh=\dimen161
\FrameRule=\dimen162
\FrameSep=\dimen163
) (/Users/maximiliano/Library/TinyTeX/texmf-dist/tex/latex/tools/longtable.sty
Package: longtable 2020/01/07 v4.13 Multi-page Table package (DPC)
\LTleft=\skip54
\LTright=\skip55
\LTpre=\skip56
\LTpost=\skip57
\LTchunksize=\count279
\LTcapwidth=\dimen164
\LT@head=\box50
\LT@firsthead=\box51
\LT@foot=\box52
\LT@lastfoot=\box53
\LT@cols=\count280
\LT@rows=\count281
\c@LT@tables=\count282
\c@LT@chunks=\count283
\LT@p@ftn=\toks25
) (/Users/maximiliano/Library/TinyTeX/texmf-dist/tex/latex/booktabs/booktabs.st
y
Package: booktabs 2020/01/12 v1.61803398 Publication quality tables
\heavyrulewidth=\dimen165
\lightrulewidth=\dimen166
\cmidrulewidth=\dimen167
\belowrulesep=\dimen168
\belowbottomsep=\dimen169
\aboverulesep=\dimen170
\abovetopsep=\dimen171
\cmidrulesep=\dimen172
\cmidrulekern=\dimen173
\defaultaddspace=\dimen174
\@cmidla=\count284
\@cmidlb=\count285
\@aboverulesep=\dimen175
\@belowrulesep=\dimen176
\@thisruleclass=\count286
\@lastruleclass=\count287
\@thisrulewidth=\dimen177
) (/Users/maximiliano/Library/TinyTeX/texmf-dist/tex/latex/mdwtools/footnote.st
y
Package: footnote 1997/01/28 1.13 Save footnotes around boxes
\fn@notes=\box54
\fn@width=\dimen178
) (/Users/maximiliano/Library/TinyTeX/texmf-dist/tex/latex/graphics/graphicx.st
y
Package: graphicx 2020/09/09 v1.2b Enhanced LaTeX Graphics (DPC,SPQR)
(/Users/maximiliano/Library/TinyTeX/texmf-dist/tex/latex/graphics/graphics.sty
Package: graphics 2020/08/30 v1.4c Standard LaTeX Graphics (DPC,SPQR)
(/Users/maximiliano/Library/TinyTeX/texmf-dist/tex/latex/graphics/trig.sty
Package: trig 2016/01/03 v1.10 sin cos tan (DPC)
)
(/Users/maximiliano/Library/TinyTeX/texmf-dist/tex/latex/graphics-cfg/graphics.
cfg
File: graphics.cfg 2016/06/04 v1.11 sample graphics configuration
)
Package graphics Info: Driver file: pdftex.def on input line 105.
)
\Gin@req@height=\dimen179
\Gin@req@width=\dimen180
) (/Users/maximiliano/Library/TinyTeX/texmf-dist/tex/latex/grffile/grffile.sty
Package: grffile 2019/11/11 v2.1 Extended file name support for graphics (legac
y)
Package grffile Info: This package is an empty stub for compatibility on input 
line 40.
) (/Users/maximiliano/Library/TinyTeX/texmf-dist/tex/latex/float/float.sty
Package: float 2001/11/08 v1.3d Float enhancements (AL)
\c@float@type=\count288
\float@exts=\toks26
\float@box=\box55
\@float@everytoks=\toks27
\@floatcapt=\box56
) (/Users/maximiliano/Library/TinyTeX/texmf-dist/tex/latex/caption/caption.sty
Package: caption 2020/10/26 v3.5g Customizing captions (AR)
(/Users/maximiliano/Library/TinyTeX/texmf-dist/tex/latex/caption/caption3.sty
Package: caption3 2020/10/21 v2.2e caption3 kernel (AR)
\captionmargin=\dimen181
\captionmargin@=\dimen182
\captionwidth=\dimen183
\caption@tempdima=\dimen184
\caption@indent=\dimen185
\caption@parindent=\dimen186
\caption@hangindent=\dimen187
Package caption Info: Standard document class detected.
)
\c@caption@flags=\count289
\c@continuedfloat=\count290
Package caption Info: float package is loaded.
Package caption Info: hyperref package is loaded.
Package caption Info: longtable package is loaded.
(/Users/maximiliano/Library/TinyTeX/texmf-dist/tex/latex/caption/ltcaption.sty
Package: ltcaption 2020/05/30 v1.4b longtable captions (AR)
)) (/Users/maximiliano/Library/TinyTeX/texmf-dist/tex/latex/tools/array.sty
Package: array 2020/10/01 v2.5c Tabular extension package (FMi)
\col@sep=\dimen188
\ar@mcellbox=\box57
\extrarowheight=\dimen189
\NC@list=\toks28
\extratabsurround=\skip58
\backup@length=\skip59
\ar@cellbox=\box58
) (/Users/maximiliano/Library/TinyTeX/texmf-dist/tex/latex/multirow/multirow.st
y
Package: multirow 2021/01/29 v2.7 Span multiple rows of a table
\multirow@colwidth=\skip60
\multirow@cntb=\count291
\multirow@dima=\skip61
\bigstrutjot=\dimen190
) (/Users/maximiliano/Library/TinyTeX/texmf-dist/tex/latex/wrapfig/wrapfig.sty
\wrapoverhang=\dimen191
\WF@size=\dimen192
\c@WF@wrappedlines=\count292
\WF@box=\box59
\WF@everypar=\toks29
Package: wrapfig 2003/01/31  v 3.6
) (/Users/maximiliano/Library/TinyTeX/texmf-dist/tex/latex/colortbl/colortbl.st
y
Package: colortbl 2020/01/04 v1.0e Color table columns (DPC)
\everycr=\toks30
\minrowclearance=\skip62
)
(/Users/maximiliano/Library/TinyTeX/texmf-dist/tex/latex/pdflscape/pdflscape.st
y
Package: pdflscape 2019/12/05 v0.12 Display of landscape pages in PDF (HO)
(/Users/maximiliano/Library/TinyTeX/texmf-dist/tex/latex/graphics/lscape.sty
Package: lscape 2020/05/28 v3.02 Landscape Pages (DPC)
)
Package pdflscape Info: Auto-detected driver: pdftex on input line 81.
) (/Users/maximiliano/Library/TinyTeX/texmf-dist/tex/latex/tabu/tabu.sty
Package: tabu 2019/01/11 v2.9 - flexible LaTeX tabulars (FC+tabu-fixed)
(/Users/maximiliano/Library/TinyTeX/texmf-dist/tex/latex/varwidth/varwidth.sty
Package: varwidth 2009/03/30 ver 0.92;  Variable-width minipages
\@vwid@box=\box60
\sift@deathcycles=\count293
\@vwid@loff=\dimen193
\@vwid@roff=\dimen194
)
\c@taburow=\count294
\tabu@nbcols=\count295
\tabu@cnt=\count296
\tabu@Xcol=\count297
\tabu@alloc=\count298
\tabu@nested=\count299
\tabu@target=\dimen195
\tabu@spreadtarget=\dimen196
\tabu@naturalX=\dimen197
\tabucolX=\dimen198
\tabu@Xsum=\dimen199
\extrarowdepth=\dimen256
\abovetabulinesep=\dimen257
\belowtabulinesep=\dimen258
\tabustrutrule=\dimen259
\tabu@thebody=\toks31
\tabu@footnotes=\toks32
\tabu@box=\box61
\tabu@arstrutbox=\box62
\tabu@hleads=\box63
\tabu@vleads=\box64
\tabu@cellskip=\skip63
)
(/Users/maximiliano/Library/TinyTeX/texmf-dist/tex/latex/threeparttable/threepa
rttable.sty
Package: threeparttable 2003/06/13  v 3.0
\@tempboxb=\box65
)
(/Users/maximiliano/Library/TinyTeX/texmf-dist/tex/latex/threeparttablex/threep
arttablex.sty
Package: threeparttablex 2013/07/23 v0.3 by daleif
(/Users/maximiliano/Library/TinyTeX/texmf-dist/tex/latex/environ/environ.sty
Package: environ 2014/05/04 v0.3 A new way to define environments

(/Users/maximiliano/Library/TinyTeX/texmf-dist/tex/latex/trimspaces/trimspaces.
sty
Package: trimspaces 2009/09/17 v1.1 Trim spaces around a token list
))
\TPTL@width=\skip64
) (/Users/maximiliano/Library/TinyTeX/texmf-dist/tex/generic/ulem/ulem.sty
\UL@box=\box66
\UL@hyphenbox=\box67
\UL@skip=\skip65
\UL@hook=\toks33
\UL@height=\dimen260
\UL@pe=\count300
\UL@pixel=\dimen261
\ULC@box=\box68
Package: ulem 2019/11/18
\ULdepth=\dimen262
) (/Users/maximiliano/Library/TinyTeX/texmf-dist/tex/latex/makecell/makecell.st
y
Package: makecell 2009/08/03 V0.1e Managing of Tab Column Heads and Cells
\rotheadsize=\dimen263
\c@nlinenum=\count301
\TeXr@lab=\toks34
) (/Users/maximiliano/Library/TinyTeX/texmf-dist/tex/latex/xcolor/xcolor.sty
Package: xcolor 2016/05/11 v2.12 LaTeX color extensions (UK)

(/Users/maximiliano/Library/TinyTeX/texmf-dist/tex/latex/graphics-cfg/color.cfg
File: color.cfg 2016/01/02 v1.6 sample color configuration
)
Package xcolor Info: Driver file: pdftex.def on input line 225.
LaTeX Info: Redefining \color on input line 709.
Package xcolor Info: Model `cmy' substituted by `cmy0' on input line 1348.
Package xcolor Info: Model `hsb' substituted by `rgb' on input line 1352.
Package xcolor Info: Model `RGB' extended on input line 1364.
Package xcolor Info: Model `HTML' substituted by `rgb' on input line 1366.
Package xcolor Info: Model `Hsb' substituted by `hsb' on input line 1367.
Package xcolor Info: Model `tHsb' substituted by `hsb' on input line 1368.
Package xcolor Info: Model `HSB' substituted by `hsb' on input line 1369.
Package xcolor Info: Model `Gray' substituted by `gray' on input line 1370.
Package xcolor Info: Model `wave' substituted by `hsb' on input line 1371.
) (/Users/maximiliano/Library/TinyTeX/texmf-dist/tex/generic/babel/babel.sty
Package: babel 2021/01/26 3.53 The Babel package
(/Users/maximiliano/Library/TinyTeX/texmf-dist/tex/generic/babel/babel.def
File: babel.def 2021/01/26 3.53 Babel common definitions
\babel@savecnt=\count302
\U@D=\dimen264
\l@babelnohyphens=\language4
(/Users/maximiliano/Library/TinyTeX/texmf-dist/tex/generic/babel/txtbabel.def)
\bbl@readstream=\read3
)
\bbl@dirlevel=\count303

(/Users/maximiliano/Library/TinyTeX/texmf-dist/tex/generic/babel-spanish/spanis
h.ldf
Language: spanish.ldf 2016/03/03 v5.0p Spanish support from the babel system
\es@quottoks=\toks35
\es@quotdepth=\count304
)
(/Users/maximiliano/Library/TinyTeX/texmf-dist/tex/generic/babel-spanish/spanis
h.ldf
Language: spanish.ldf 2016/03/03 v5.0p Spanish support from the babel system
))
(/Users/maximiliano/Library/TinyTeX/texmf-dist/tex/latex/l3backend/l3backend-pd
ftex.def
File: l3backend-pdftex.def 2021-02-06 L3 backend support: PDF output (pdfTeX)
\l__color_backend_stack_int=\count305
\l__pdf_internal_box=\box69
) (./intro_geostats.aux
LaTeX Info: Redefining \. on input line 22.
LaTeX Info: Redefining \% on input line 22.
)
\openout1 = `intro_geostats.aux'.

LaTeX Font Info:    Checking defaults for OML/cmm/m/it on input line 142.
LaTeX Font Info:    ... okay on input line 142.
LaTeX Font Info:    Checking defaults for OMS/cmsy/m/n on input line 142.
LaTeX Font Info:    ... okay on input line 142.
LaTeX Font Info:    Checking defaults for OT1/cmr/m/n on input line 142.
LaTeX Font Info:    ... okay on input line 142.
LaTeX Font Info:    Checking defaults for T1/cmr/m/n on input line 142.
LaTeX Font Info:    ... okay on input line 142.
LaTeX Font Info:    Checking defaults for TS1/cmr/m/n on input line 142.
LaTeX Font Info:    ... okay on input line 142.
LaTeX Font Info:    Checking defaults for OMX/cmex/m/n on input line 142.
LaTeX Font Info:    ... okay on input line 142.
LaTeX Font Info:    Checking defaults for U/cmr/m/n on input line 142.
LaTeX Font Info:    ... okay on input line 142.
LaTeX Font Info:    Checking defaults for PD1/pdf/m/n on input line 142.
LaTeX Font Info:    ... okay on input line 142.
LaTeX Font Info:    Checking defaults for PU/pdf/m/n on input line 142.
LaTeX Font Info:    ... okay on input line 142.
Package hyperref Info: Link coloring OFF on input line 142.
(/Users/maximiliano/Library/TinyTeX/texmf-dist/tex/latex/hyperref/nameref.sty
Package: nameref 2021-04-02 v2.47 Cross-referencing by name of section
(/Users/maximiliano/Library/TinyTeX/texmf-dist/tex/latex/refcount/refcount.sty
Package: refcount 2019/12/15 v3.6 Data extraction from label references (HO)
)
(/Users/maximiliano/Library/TinyTeX/texmf-dist/tex/generic/gettitlestring/getti
tlestring.sty
Package: gettitlestring 2019/12/15 v1.6 Cleanup title references (HO)
)
\c@section@level=\count306
)
LaTeX Info: Redefining \ref on input line 142.
LaTeX Info: Redefining \pageref on input line 142.
LaTeX Info: Redefining \nameref on input line 142.
(./intro_geostats.out) (./intro_geostats.out)
\@outlinefile=\write4
\openout4 = `intro_geostats.out'.

*geometry* driver: auto-detecting
*geometry* detected driver: pdftex
*geometry* verbose mode - [ preamble ] result:
* driver: pdftex
* paper: <default>
* layout: <same size as paper>
* layoutoffset:(h,v)=(0.0pt,0.0pt)
* modes: 
* h-part:(L,W,R)=(72.26999pt, 469.75502pt, 72.26999pt)
* v-part:(T,H,B)=(72.26999pt, 650.43001pt, 72.26999pt)
* \paperwidth=614.295pt
* \paperheight=794.96999pt
* \textwidth=469.75502pt
* \textheight=650.43001pt
* \oddsidemargin=0.0pt
* \evensidemargin=0.0pt
* \topmargin=-37.0pt
* \headheight=12.0pt
* \headsep=25.0pt
* \topskip=10.0pt
* \footskip=30.0pt
* \marginparwidth=65.0pt
* \marginparsep=11.0pt
* \columnsep=10.0pt
* \skip\footins=9.0pt plus 4.0pt minus 2.0pt
* \hoffset=0.0pt
* \voffset=0.0pt
* \mag=1000
* \@twocolumnfalse
* \@twosidefalse
* \@mparswitchfalse
* \@reversemarginfalse
* (1in=72.27pt=25.4mm, 1cm=28.453pt)


(/Users/maximiliano/Library/TinyTeX/texmf-dist/tex/latex/epstopdf-pkg/epstopdf-
base.sty
Package: epstopdf-base 2020-01-24 v2.11 Base part for package epstopdf
Package epstopdf-base Info: Redefining graphics rule for `.eps' on input line 4
85.

(/Users/maximiliano/Library/TinyTeX/texmf-dist/tex/latex/latexconfig/epstopdf-s
ys.cfg
File: epstopdf-sys.cfg 2010/07/13 v1.3 Configuration of (r)epstopdf for TeX Liv
e
))
Package caption Info: Begin \AtBeginDocument code.
Package caption Info: threeparttable package is loaded.
Package caption Info: wrapfig package is loaded.
Package caption Info: End \AtBeginDocument code.
LaTeX Info: Redefining \. on input line 142.
LaTeX Info: Redefining \% on input line 142.
LaTeX Font Info:    Trying to load font information for OT1+lmr on input line 1
44.
(/Users/maximiliano/Library/TinyTeX/texmf-dist/tex/latex/lm/ot1lmr.fd
File: ot1lmr.fd 2009/10/30 v1.6 Font defs for Latin Modern
)
LaTeX Font Info:    Trying to load font information for OML+lmm on input line 1
44.
(/Users/maximiliano/Library/TinyTeX/texmf-dist/tex/latex/lm/omllmm.fd
File: omllmm.fd 2009/10/30 v1.6 Font defs for Latin Modern
)
LaTeX Font Info:    Trying to load font information for OMS+lmsy on input line 
144.
(/Users/maximiliano/Library/TinyTeX/texmf-dist/tex/latex/lm/omslmsy.fd
File: omslmsy.fd 2009/10/30 v1.6 Font defs for Latin Modern
)
LaTeX Font Info:    Trying to load font information for OMX+lmex on input line 
144.
(/Users/maximiliano/Library/TinyTeX/texmf-dist/tex/latex/lm/omxlmex.fd
File: omxlmex.fd 2009/10/30 v1.6 Font defs for Latin Modern
)
LaTeX Font Info:    External font `lmex10' loaded for size
(Font)              <12> on input line 144.
LaTeX Font Info:    External font `lmex10' loaded for size
(Font)              <8> on input line 144.
LaTeX Font Info:    External font `lmex10' loaded for size
(Font)              <6> on input line 144.
LaTeX Font Info:    Trying to load font information for U+msa on input line 144
.
(/Users/maximiliano/Library/TinyTeX/texmf-dist/tex/latex/amsfonts/umsa.fd
File: umsa.fd 2013/01/14 v3.01 AMS symbols A
)
LaTeX Font Info:    Trying to load font information for U+msb on input line 144
.
(/Users/maximiliano/Library/TinyTeX/texmf-dist/tex/latex/amsfonts/umsb.fd
File: umsb.fd 2013/01/14 v3.01 AMS symbols B
) [1

{/Users/maximiliano/Library/TinyTeX/texmf-var/fonts/map/pdftex/updmap/pdftex.ma
p}]

Package hyperref Warning: Suppressing empty link on input line 198.

LaTeX Font Info:    External font `lmex10' loaded for size
(Font)              <10> on input line 213.
LaTeX Font Info:    External font `lmex10' loaded for size
(Font)              <7> on input line 213.
LaTeX Font Info:    External font `lmex10' loaded for size
(Font)              <5> on input line 213.
[2]
<images/h-scatter.png, id=163, 344.28625pt x 336.25626pt>
File: images/h-scatter.png Graphic file (type png)
<use images/h-scatter.png>
Package pdftex.def Info: images/h-scatter.png  used on input line 219.
(pdftex.def)             Requested size: 344.29065pt x 336.26056pt.
<images/semivar-2.png, id=170, 276.03125pt x 334.24875pt>
File: images/semivar-2.png Graphic file (type png)
<use images/semivar-2.png>
Package pdftex.def Info: images/semivar-2.png  used on input line 242.
(pdftex.def)             Requested size: 276.05162pt x 334.27342pt.
[3 <./images/h-scatter.png>]
<images/semivar-irregular.png, id=192, 241.90375pt x 233.87375pt>
File: images/semivar-irregular.png Graphic file (type png)
<use images/semivar-irregular.png>
Package pdftex.def Info: images/semivar-irregular.png  used on input line 253.
(pdftex.def)             Requested size: 241.91422pt x 233.88385pt.
[4 <./images/semivar-2.png>]

Package hyperref Warning: Suppressing empty link on input line 263.

<images/variograma-exp.png, id=201, 533.995pt x 390.45876pt>
File: images/variograma-exp.png Graphic file (type png)
<use images/variograma-exp.png>
Package pdftex.def Info: images/variograma-exp.png  used on input line 269.
(pdftex.def)             Requested size: 422.78847pt x 309.1442pt.
[5 <./images/semivar-irregular.png>]
<images/variogram.png, id=210, 311.1625pt x 234.8775pt>
File: images/variogram.png Graphic file (type png)
<use images/variogram.png>
Package pdftex.def Info: images/variogram.png  used on input line 285.
(pdftex.def)             Requested size: 311.16174pt x 234.87692pt.
[6 <./images/variograma-exp.png>]
<images/variog-potencia.png, id=222, 278.03876pt x 214.8025pt>
File: images/variog-potencia.png Graphic file (type png)
<use images/variog-potencia.png>
Package pdftex.def Info: images/variog-potencia.png  used on input line 324.
(pdftex.def)             Requested size: 234.8831pt x 181.46204pt.
[7 <./images/variogram.png>]
<images/variog-esferico.png, id=236, 258.9675pt x 251.94125pt>
File: images/variog-esferico.png Graphic file (type png)
<use images/variog-esferico.png>
Package pdftex.def Info: images/variog-esferico.png  used on input line 352.
(pdftex.def)             Requested size: 234.88628pt x 228.5134pt.
[8 <./images/variog-potencia.png> <./images/variog-esferico.png>]
<images/variog-exp.png, id=252, 276.03125pt x 245.91875pt>
File: images/variog-exp.png Graphic file (type png)
<use images/variog-exp.png>
Package pdftex.def Info: images/variog-exp.png  used on input line 376.
(pdftex.def)             Requested size: 234.8888pt x 209.26456pt.
<images/variog-gaus.png, id=257, 271.0125pt x 209.78375pt>
File: images/variog-gaus.png Graphic file (type png)
<use images/variog-gaus.png>
Package pdftex.def Info: images/variog-gaus.png  used on input line 400.
(pdftex.def)             Requested size: 234.88573pt x 181.81894pt.
[9 <./images/variog-exp.png> <./images/variog-gaus.png>]
<images/variog-comparacion.png, id=269, 723.70375pt x 317.185pt>
File: images/variog-comparacion.png Graphic file (type png)
<use images/variog-comparacion.png>
Package pdftex.def Info: images/variog-comparacion.png  used on input line 411.

(pdftex.def)             Requested size: 422.7742pt x 185.29353pt.
LaTeX Font Info:    Trying to load font information for TS1+lmr on input line 4
23.
(/Users/maximiliano/Library/TinyTeX/texmf-dist/tex/latex/lm/ts1lmr.fd
File: ts1lmr.fd 2009/10/30 v1.6 Font defs for Latin Modern
)
<figures/variog-anis-1.pdf, id=273, 472.76625pt x 350.30875pt>
File: figures/variog-anis-1.pdf Graphic file (type pdf)
<use figures/variog-anis-1.pdf>
Package pdftex.def Info: figures/variog-anis-1.pdf  used on input line 427.
(pdftex.def)             Requested size: 469.76413pt x 348.08424pt.
[10 <./images/variog-comparacion.png>] [11 <./figures/variog-anis-1.pdf>]
<images/kriging-pesos.png, id=302, 414.54875pt x 330.23375pt>
File: images/kriging-pesos.png Graphic file (type png)
<use images/kriging-pesos.png>
Package pdftex.def Info: images/kriging-pesos.png  used on input line 483.
(pdftex.def)             Requested size: 414.56038pt x 330.243pt.
[12]
<images/kriging-carac.png, id=314, 423.5825pt x 251.94125pt>
File: images/kriging-carac.png Graphic file (type png)
<use images/kriging-carac.png>
Package pdftex.def Info: images/kriging-carac.png  used on input line 514.
(pdftex.def)             Requested size: 422.79294pt x 251.47162pt.
[13 <./images/kriging-pesos.png>] [14 <./images/kriging-carac.png>]

Package xcolor Warning: Incompatible color definition on input line 551.

LaTeX Font Info:    Trying to load font information for T1+lmtt on input line 5
52.
(/Users/maximiliano/Library/TinyTeX/texmf-dist/tex/latex/lm/t1lmtt.fd
File: t1lmtt.fd 2009/10/30 v1.6 Font defs for Latin Modern
)
LaTeX Font Info:    Trying to load font information for TS1+lmtt on input line 
553.
(/Users/maximiliano/Library/TinyTeX/texmf-dist/tex/latex/lm/ts1lmtt.fd
File: ts1lmtt.fd 2009/10/30 v1.6 Font defs for Latin Modern
)
LaTeX Font Info:    Font shape `T1/lmtt/bx/n' in size <10> not available
(Font)              Font shape `T1/lmtt/b/n' tried instead on input line 554.

Package xcolor Warning: Incompatible color definition on input line 556.


Package xcolor Warning: Incompatible color definition on input line 556.


Package xcolor Warning: Incompatible color definition on input line 568.


Package xcolor Warning: Incompatible color definition on input line 572.


Package xcolor Warning: Incompatible color definition on input line 572.


Package xcolor Warning: Incompatible color definition on input line 592.


Package xcolor Warning: Incompatible color definition on input line 596.


Package xcolor Warning: Incompatible color definition on input line 596.


Package xcolor Warning: Incompatible color definition on input line 602.


Package xcolor Warning: Incompatible color definition on input line 611.


Package xcolor Warning: Incompatible color definition on input line 611.

[15]

Package xcolor Warning: Incompatible color definition on input line 611.


Package xcolor Warning: Incompatible color definition on input line 611.

<figures/AED-1.pdf, id=352, 568.1225pt x 346.29375pt>
File: figures/AED-1.pdf Graphic file (type pdf)
<use figures/AED-1.pdf>
Package pdftex.def Info: figures/AED-1.pdf  used on input line 615.
(pdftex.def)             Requested size: 422.79665pt x 257.71173pt.

Package xcolor Warning: Incompatible color definition on input line 626.


Package xcolor Warning: Incompatible color definition on input line 634.


Package xcolor Warning: Incompatible color definition on input line 634.


Package xcolor Warning: Incompatible color definition on input line 638.

[16 <./figures/AED-1.pdf>]

Package xcolor Warning: Incompatible color definition on input line 645.


Package xcolor Warning: Incompatible color definition on input line 645.


Package xcolor Warning: Incompatible color definition on input line 654.


Package xcolor Warning: Incompatible color definition on input line 658.


Package xcolor Warning: Incompatible color definition on input line 658.


Package xcolor Warning: Incompatible color definition on input line 662.


Package xcolor Warning: Incompatible color definition on input line 676.


Package xcolor Warning: Incompatible color definition on input line 676.


Package xcolor Warning: Incompatible color definition on input line 680.


Package xcolor Warning: Incompatible color definition on input line 691.


Package xcolor Warning: Incompatible color definition on input line 691.

<figures/dist-espacial-1.pdf, id=375, 420.57124pt x 346.29375pt>
File: figures/dist-espacial-1.pdf Graphic file (type pdf)
<use figures/dist-espacial-1.pdf>
Package pdftex.def Info: figures/dist-espacial-1.pdf  used on input line 695.
(pdftex.def)             Requested size: 420.58305pt x 346.30345pt.
[17]

Package xcolor Warning: Incompatible color definition on input line 702.


Package xcolor Warning: Incompatible color definition on input line 710.


Package xcolor Warning: Incompatible color definition on input line 710.


Package xcolor Warning: Incompatible color definition on input line 724.

[18 <./figures/dist-espacial-1.pdf>]

Package xcolor Warning: Incompatible color definition on input line 734.


Package xcolor Warning: Incompatible color definition on input line 734.


Package xcolor Warning: Incompatible color definition on input line 736.


Package xcolor Warning: Incompatible color definition on input line 746.


Package xcolor Warning: Incompatible color definition on input line 746.

<figures/variog-omni-1.pdf, id=404, 570.13pt x 346.29375pt>
File: figures/variog-omni-1.pdf Graphic file (type pdf)
<use figures/variog-omni-1.pdf>
Package pdftex.def Info: figures/variog-omni-1.pdf  used on input line 750.
(pdftex.def)             Requested size: 422.77695pt x 256.79231pt.

Package xcolor Warning: Incompatible color definition on input line 759.


Package xcolor Warning: Incompatible color definition on input line 766.


Package xcolor Warning: Incompatible color definition on input line 766.


Package xcolor Warning: Incompatible color definition on input line 768.

[19 <./figures/variog-omni-1.pdf>]

Package xcolor Warning: Incompatible color definition on input line 776.


Package xcolor Warning: Incompatible color definition on input line 776.

<figures/variog-map-1.pdf, id=421, 448.67625pt x 346.29375pt>
File: figures/variog-map-1.pdf Graphic file (type pdf)
<use figures/variog-map-1.pdf>
Package pdftex.def Info: figures/variog-map-1.pdf  used on input line 780.
(pdftex.def)             Requested size: 422.78952pt x 326.31404pt.

Package xcolor Warning: Incompatible color definition on input line 789.


Package xcolor Warning: Incompatible color definition on input line 796.


Package xcolor Warning: Incompatible color definition on input line 796.


Package xcolor Warning: Incompatible color definition on input line 798.


Package xcolor Warning: Incompatible color definition on input line 812.


Package xcolor Warning: Incompatible color definition on input line 812.


Package xcolor Warning: Incompatible color definition on input line 812.

[20 <./figures/variog-map-1.pdf>]

Package xcolor Warning: Incompatible color definition on input line 812.


Package xcolor Warning: Incompatible color definition on input line 812.

<figures/variog-dir-1.pdf, id=435, 561.09625pt x 346.29375pt>
File: figures/variog-dir-1.pdf Graphic file (type pdf)
<use figures/variog-dir-1.pdf>
Package pdftex.def Info: figures/variog-dir-1.pdf  used on input line 816.
(pdftex.def)             Requested size: 422.77321pt x 260.92442pt.

Package xcolor Warning: Incompatible color definition on input line 832.


Package xcolor Warning: Incompatible color definition on input line 839.


Package xcolor Warning: Incompatible color definition on input line 839.


Package xcolor Warning: Incompatible color definition on input line 843.

[21 <./figures/variog-dir-1.pdf>]

Package xcolor Warning: Incompatible color definition on input line 847.


Package xcolor Warning: Incompatible color definition on input line 847.

<images/gstat-mods.png, id=451, 690.58pt x 428.60126pt>
File: images/gstat-mods.png Graphic file (type png)
<use images/gstat-mods.png>
Package pdftex.def Info: images/gstat-mods.png  used on input line 851.
(pdftex.def)             Requested size: 469.75677pt x 291.54964pt.

Package xcolor Warning: Incompatible color definition on input line 860.


Package xcolor Warning: Incompatible color definition on input line 866.


Package xcolor Warning: Incompatible color definition on input line 866.


Package xcolor Warning: Incompatible color definition on input line 868.


Package xcolor Warning: Incompatible color definition on input line 872.


Package xcolor Warning: Incompatible color definition on input line 872.


Package xcolor Warning: Incompatible color definition on input line 878.


Package xcolor Warning: Incompatible color definition on input line 882.


Package xcolor Warning: Incompatible color definition on input line 882.


Package xcolor Warning: Incompatible color definition on input line 896.

[22 <./images/gstat-mods.png>]

Package xcolor Warning: Incompatible color definition on input line 900.


Package xcolor Warning: Incompatible color definition on input line 900.

<figures/ajuste-1-1.pdf, id=461, 551.05875pt x 321.2pt>
File: figures/ajuste-1-1.pdf Graphic file (type pdf)
<use figures/ajuste-1-1.pdf>
Package pdftex.def Info: figures/ajuste-1-1.pdf  used on input line 904.
(pdftex.def)             Requested size: 422.7946pt x 246.43767pt.

Package xcolor Warning: Incompatible color definition on input line 911.


Package xcolor Warning: Incompatible color definition on input line 915.


Package xcolor Warning: Incompatible color definition on input line 915.

<figures/ajuste-2-1.pdf, id=462, 555.07375pt x 326.21875pt>
File: figures/ajuste-2-1.pdf Graphic file (type pdf)
<use figures/ajuste-2-1.pdf>
Package pdftex.def Info: figures/ajuste-2-1.pdf  used on input line 919.
(pdftex.def)             Requested size: 422.78362pt x 248.47137pt.
[23 <./figures/ajuste-1-1.pdf> <./figures/ajuste-2-1.pdf>]

Package xcolor Warning: Incompatible color definition on input line 933.


Package xcolor Warning: Incompatible color definition on input line 938.


Package xcolor Warning: Incompatible color definition on input line 938.


Package xcolor Warning: Incompatible color definition on input line 961.


Package xcolor Warning: Incompatible color definition on input line 970.


Package xcolor Warning: Incompatible color definition on input line 970.

<figures/xval-plots1-1.pdf, id=485, 210.7875pt x 343.2825pt>
File: figures/xval-plots1-1.pdf Graphic file (type pdf)
<use figures/xval-plots1-1.pdf>
Package pdftex.def Info: figures/xval-plots1-1.pdf  used on input line 974.
(pdftex.def)             Requested size: 210.78699pt x 343.28165pt.
[24]

Package xcolor Warning: Incompatible color definition on input line 981.


Package xcolor Warning: Incompatible color definition on input line 988.


Package xcolor Warning: Incompatible color definition on input line 988.

<figures/xval-plots2-1.pdf, id=491, 568.1225pt x 343.2825pt>
File: figures/xval-plots2-1.pdf Graphic file (type pdf)
<use figures/xval-plots2-1.pdf>
Package pdftex.def Info: figures/xval-plots2-1.pdf  used on input line 992.
(pdftex.def)             Requested size: 375.8202pt x 227.08571pt.
[25 <./figures/xval-plots1-1.pdf>]

Package xcolor Warning: Incompatible color definition on input line 1012.


Package xcolor Warning: Incompatible color definition on input line 1019.


Package xcolor Warning: Incompatible color definition on input line 1019.

[26 <./figures/xval-plots2-1.pdf>]

Package xcolor Warning: Incompatible color definition on input line 1027.


Package xcolor Warning: Incompatible color definition on input line 1038.


Package xcolor Warning: Incompatible color definition on input line 1038.

<figures/mapa-pred-1.pdf, id=520, 404.51125pt x 347.2975pt>
File: figures/mapa-pred-1.pdf Graphic file (type pdf)
<use figures/mapa-pred-1.pdf>
Package pdftex.def Info: figures/mapa-pred-1.pdf  used on input line 1042.
(pdftex.def)             Requested size: 404.5226pt x 347.30724pt.

Package xcolor Warning: Incompatible color definition on input line 1049.


Package xcolor Warning: Incompatible color definition on input line 1060.


Package xcolor Warning: Incompatible color definition on input line 1060.


Package xcolor Warning: Incompatible color definition on input line 1060.

[27 <./figures/mapa-pred-1.pdf>]

Package xcolor Warning: Incompatible color definition on input line 1060.


Package xcolor Warning: Incompatible color definition on input line 1060.

<figures/mapa-var-1.pdf, id=538, 404.51125pt x 347.2975pt>
File: figures/mapa-var-1.pdf Graphic file (type pdf)
<use figures/mapa-var-1.pdf>
Package pdftex.def Info: figures/mapa-var-1.pdf  used on input line 1064.
(pdftex.def)             Requested size: 404.5226pt x 347.30724pt.
[28 <./figures/mapa-var-1.pdf>]

Package caption Warning: Unused \captionsetup[equation] on input line 115.
See the caption package documentation for explanation.

[29] (./intro_geostats.aux
LaTeX Info: Redefining \. on input line 22.
LaTeX Info: Redefining \% on input line 22.
)
Package rerunfilecheck Info: File `intro_geostats.out' has not changed.
(rerunfilecheck)             Checksum: 8296021095420C46D8FB932AA308CDDE;3580.
 ) 
Here is how much of TeX's memory you used:
 14763 strings out of 481232
 224765 string characters out of 5913560
 548790 words of memory out of 5000000
 31250 multiletter control sequences out of 15000+600000
 467093 words of font info for 77 fonts, out of 8000000 for 9000
 14 hyphenation exceptions out of 8191
 71i,10n,74p,1105b,378s stack positions out of 5000i,500n,10000p,200000b,80000s
{/Users/maximiliano/Library/TinyTeX/texmf-dist/fonts/enc/dvips/lm/lm-ts1.enc}
{/Users/maximiliano/Library/TinyTeX/texmf-dist/fonts/enc/dvips/lm/lm-ec.enc}{/U
sers/maximiliano/Library/TinyTeX/texmf-dist/fonts/enc/dvips/lm/lm-mathsy.enc}{/
Users/maximiliano/Library/TinyTeX/texmf-dist/fonts/enc/dvips/lm/lm-mathex.enc}{
/Users/maximiliano/Library/TinyTeX/texmf-dist/fonts/enc/dvips/lm/lm-rm.enc}{/Us
ers/maximiliano/Library/TinyTeX/texmf-dist/fonts/enc/dvips/lm/lm-mathit.enc}</U
sers/maximiliano/Library/TinyTeX/texmf-dist/fonts/type1/public/lm/lmbx10.pfb></
Users/maximiliano/Library/TinyTeX/texmf-dist/fonts/type1/public/lm/lmbx12.pfb><
/Users/maximiliano/Library/TinyTeX/texmf-dist/fonts/type1/public/lm/lmbx9.pfb><
/Users/maximiliano/Library/TinyTeX/texmf-dist/fonts/type1/public/lm/lmex10.pfb>
</Users/maximiliano/Library/TinyTeX/texmf-dist/fonts/type1/public/lm/lmmi10.pfb
></Users/maximiliano/Library/TinyTeX/texmf-dist/fonts/type1/public/lm/lmmi12.pf
b></Users/maximiliano/Library/TinyTeX/texmf-dist/fonts/type1/public/lm/lmmi7.pf
b></Users/maximiliano/Library/TinyTeX/texmf-dist/fonts/type1/public/lm/lmr10.pf
b></Users/maximiliano/Library/TinyTeX/texmf-dist/fonts/type1/public/lm/lmr12.pf
b></Users/maximiliano/Library/TinyTeX/texmf-dist/fonts/type1/public/lm/lmr17.pf
b></Users/maximiliano/Library/TinyTeX/texmf-dist/fonts/type1/public/lm/lmr7.pfb
></Users/maximiliano/Library/TinyTeX/texmf-dist/fonts/type1/public/lm/lmr9.pfb>
</Users/maximiliano/Library/TinyTeX/texmf-dist/fonts/type1/public/lm/lmri10.pfb
></Users/maximiliano/Library/TinyTeX/texmf-dist/fonts/type1/public/lm/lmsy10.pf
b></Users/maximiliano/Library/TinyTeX/texmf-dist/fonts/type1/public/lm/lmtk10.p
fb></Users/maximiliano/Library/TinyTeX/texmf-dist/fonts/type1/public/lm/lmtt10.
pfb></Users/maximiliano/Library/TinyTeX/texmf-dist/fonts/type1/public/lm/lmtti1
0.pfb>
Output written on intro_geostats.pdf (29 pages, 1898882 bytes).
PDF statistics:
 671 PDF objects out of 1000 (max. 8388607)
 534 compressed objects within 6 object streams
 135 named destinations out of 1000 (max. 500000)
 310 words of extra memory for PDF output out of 10000 (max. 10000000)

